<?xml version="1.0" encoding="UTF-8"?>
<testng-results skipped="0" failed="1" ignored="0" total="4" passed="3">
  <reporter-output>
  </reporter-output>
  <suite name="Suite Mobile Android" duration-ms="418893" started-at="2019-07-15T18:00:05Z" finished-at="2019-07-15T18:07:04Z">
    <groups>
    </groups>
    <test name="Realizar VC - Mobile" duration-ms="150335" started-at="2019-07-15T18:00:05Z" finished-at="2019-07-15T18:02:35Z">
      <class name="suiteTest.Regresion_Socio">
        <test-method status="PASS" signature="setUpClass()[pri:0, instance:suiteTest.Regresion_Socio@3fd7a715]" name="setUpClass" is-config="true" duration-ms="26802" started-at="2019-07-15T15:00:05Z" finished-at="2019-07-15T15:00:32Z">
          <reporter-output>
          </reporter-output>
        </test-method> <!-- setUpClass -->
        <test-method status="PASS" signature="setUp(java.lang.reflect.Method)[pri:0, instance:suiteTest.Regresion_Socio@3fd7a715]" name="setUp" is-config="true" duration-ms="67" started-at="2019-07-15T15:00:32Z" finished-at="2019-07-15T15:00:32Z">
          <params>
            <param index="0">
              <value>
                <![CDATA[public void suiteTest.Regresion_Socio.S_RealizarVC_01(java.lang.reflect.Method)]]>
              </value>
            </param>
          </params>
          <reporter-output>
          </reporter-output>
        </test-method> <!-- setUp -->
        <test-method status="PASS" signature="S_RealizarVC_01(java.lang.reflect.Method)[pri:0, instance:suiteTest.Regresion_Socio@3fd7a715]" name="S_RealizarVC_01" duration-ms="115222" started-at="2019-07-15T15:00:32Z" finished-at="2019-07-15T15:02:27Z">
          <params>
            <param index="0">
              <value>
                <![CDATA[public void suiteTest.Regresion_Socio.S_RealizarVC_01(java.lang.reflect.Method)]]>
              </value>
            </param>
          </params>
          <reporter-output>
          </reporter-output>
        </test-method> <!-- S_RealizarVC_01 -->
        <test-method status="PASS" signature="stepFail(org.testng.ITestResult)[pri:0, instance:suiteTest.Regresion_Socio@3fd7a715]" name="stepFail" is-config="true" duration-ms="0" started-at="2019-07-15T15:02:27Z" finished-at="2019-07-15T15:02:27Z">
          <params>
            <param index="0">
              <value>
                <![CDATA[[TestResult name=S_RealizarVC_01 status=SUCCESS method=Regresion_Socio.S_RealizarVC_01(java.lang.reflect.Method)[pri:0, instance:suiteTest.Regresion_Socio@3fd7a715] output={null}]]]>
              </value>
            </param>
          </params>
          <reporter-output>
          </reporter-output>
        </test-method> <!-- stepFail -->
        <test-method status="PASS" signature="tearDown(java.lang.reflect.Method)[pri:0, instance:suiteTest.Regresion_Socio@3fd7a715]" name="tearDown" is-config="true" duration-ms="62" started-at="2019-07-15T15:02:27Z" finished-at="2019-07-15T15:02:27Z">
          <params>
            <param index="0">
              <value>
                <![CDATA[public void suiteTest.Regresion_Socio.S_RealizarVC_01(java.lang.reflect.Method)]]>
              </value>
            </param>
          </params>
          <reporter-output>
          </reporter-output>
        </test-method> <!-- tearDown -->
        <test-method status="PASS" signature="tearDownClass()[pri:0, instance:suiteTest.Regresion_Socio@3fd7a715]" name="tearDownClass" is-config="true" duration-ms="8167" started-at="2019-07-15T15:02:27Z" finished-at="2019-07-15T15:02:35Z">
          <reporter-output>
          </reporter-output>
        </test-method> <!-- tearDownClass -->
      </class> <!-- suiteTest.Regresion_Socio -->
    </test> <!-- Realizar VC - Mobile -->
    <test name="Realizar VC - Web" duration-ms="418893" started-at="2019-07-15T18:00:05Z" finished-at="2019-07-15T18:07:04Z">
      <class name="suiteTest.Regresion_Web">
        <test-method status="PASS" signature="setUpClass()[pri:0, instance:suiteTest.Regresion_Web@27c20538]" name="setUpClass" is-config="true" duration-ms="5300" started-at="2019-07-15T15:00:05Z" finished-at="2019-07-15T15:00:10Z">
          <reporter-output>
          </reporter-output>
        </test-method> <!-- setUpClass -->
        <test-method status="PASS" signature="setUp(java.lang.reflect.Method)[pri:0, instance:suiteTest.Regresion_Web@27c20538]" name="setUp" is-config="true" duration-ms="214" started-at="2019-07-15T15:00:10Z" finished-at="2019-07-15T15:00:11Z">
          <params>
            <param index="0">
              <value>
                <![CDATA[public void suiteTest.Regresion_Web.M_Ingresar_01(java.lang.reflect.Method)]]>
              </value>
            </param>
          </params>
          <reporter-output>
          </reporter-output>
        </test-method> <!-- setUp -->
        <test-method status="PASS" signature="M_Ingresar_01(java.lang.reflect.Method)[pri:0, instance:suiteTest.Regresion_Web@27c20538]" name="M_Ingresar_01" duration-ms="32118" started-at="2019-07-15T15:00:11Z" finished-at="2019-07-15T15:00:43Z">
          <params>
            <param index="0">
              <value>
                <![CDATA[public void suiteTest.Regresion_Web.M_Ingresar_01(java.lang.reflect.Method)]]>
              </value>
            </param>
          </params>
          <reporter-output>
          </reporter-output>
        </test-method> <!-- M_Ingresar_01 -->
        <test-method status="PASS" signature="stepFail(org.testng.ITestResult)[pri:0, instance:suiteTest.Regresion_Web@27c20538]" name="stepFail" is-config="true" duration-ms="0" started-at="2019-07-15T15:00:43Z" finished-at="2019-07-15T15:00:43Z">
          <params>
            <param index="0">
              <value>
                <![CDATA[[TestResult name=M_Ingresar_01 status=SUCCESS method=Regresion_Web.M_Ingresar_01(java.lang.reflect.Method)[pri:0, instance:suiteTest.Regresion_Web@27c20538] output={null}]]]>
              </value>
            </param>
          </params>
          <reporter-output>
          </reporter-output>
        </test-method> <!-- stepFail -->
        <test-method status="PASS" signature="tearDown()[pri:0, instance:suiteTest.Regresion_Web@27c20538]" name="tearDown" is-config="true" duration-ms="1024" started-at="2019-07-15T15:00:43Z" finished-at="2019-07-15T15:00:44Z">
          <reporter-output>
          </reporter-output>
        </test-method> <!-- tearDown -->
        <test-method status="PASS" signature="setUp(java.lang.reflect.Method)[pri:0, instance:suiteTest.Regresion_Web@27c20538]" name="setUp" is-config="true" duration-ms="110" started-at="2019-07-15T15:00:44Z" finished-at="2019-07-15T15:00:44Z">
          <params>
            <param index="0">
              <value>
                <![CDATA[public void suiteTest.Regresion_Web.D_Mobile_EnvioInvitacion_01(java.lang.reflect.Method)]]>
              </value>
            </param>
          </params>
          <reporter-output>
          </reporter-output>
        </test-method> <!-- setUp -->
        <test-method status="PASS" signature="D_Mobile_EnvioInvitacion_01(java.lang.reflect.Method)[pri:0, instance:suiteTest.Regresion_Web@27c20538]" name="D_Mobile_EnvioInvitacion_01" duration-ms="24728" started-at="2019-07-15T15:00:44Z" depends-on-methods="suiteTest.Regresion_Web.M_Ingresar_01" finished-at="2019-07-15T15:01:09Z">
          <params>
            <param index="0">
              <value>
                <![CDATA[public void suiteTest.Regresion_Web.D_Mobile_EnvioInvitacion_01(java.lang.reflect.Method)]]>
              </value>
            </param>
          </params>
          <reporter-output>
          </reporter-output>
        </test-method> <!-- D_Mobile_EnvioInvitacion_01 -->
        <test-method status="PASS" signature="stepFail(org.testng.ITestResult)[pri:0, instance:suiteTest.Regresion_Web@27c20538]" name="stepFail" is-config="true" duration-ms="1" started-at="2019-07-15T15:01:09Z" finished-at="2019-07-15T15:01:09Z">
          <params>
            <param index="0">
              <value>
                <![CDATA[[TestResult name=D_Mobile_EnvioInvitacion_01 status=SUCCESS method=Regresion_Web.D_Mobile_EnvioInvitacion_01(java.lang.reflect.Method)[pri:0, instance:suiteTest.Regresion_Web@27c20538] output={null}]]]>
              </value>
            </param>
          </params>
          <reporter-output>
          </reporter-output>
        </test-method> <!-- stepFail -->
        <test-method status="PASS" signature="tearDown()[pri:0, instance:suiteTest.Regresion_Web@27c20538]" name="tearDown" is-config="true" duration-ms="1007" started-at="2019-07-15T15:01:09Z" finished-at="2019-07-15T15:01:10Z">
          <reporter-output>
          </reporter-output>
        </test-method> <!-- tearDown -->
        <test-method status="PASS" signature="setUp(java.lang.reflect.Method)[pri:0, instance:suiteTest.Regresion_Web@27c20538]" name="setUp" is-config="true" duration-ms="130" started-at="2019-07-15T15:01:10Z" finished-at="2019-07-15T15:01:10Z">
          <params>
            <param index="0">
              <value>
                <![CDATA[public void suiteTest.Regresion_Web.M_Mobile_Atender_01(java.lang.reflect.Method)]]>
              </value>
            </param>
          </params>
          <reporter-output>
          </reporter-output>
        </test-method> <!-- setUp -->
        <test-method status="FAIL" signature="M_Mobile_Atender_01(java.lang.reflect.Method)[pri:0, instance:suiteTest.Regresion_Web@27c20538]" name="M_Mobile_Atender_01" duration-ms="346046" started-at="2019-07-15T15:01:10Z" depends-on-methods="suiteTest.Regresion_Web.D_Mobile_EnvioInvitacion_01" finished-at="2019-07-15T15:06:56Z">
          <params>
            <param index="0">
              <value>
                <![CDATA[public void suiteTest.Regresion_Web.M_Mobile_Atender_01(java.lang.reflect.Method)]]>
              </value>
            </param>
          </params>
          <exception class="junit.framework.AssertionFailedError">
            <full-stacktrace>
              <![CDATA[junit.framework.AssertionFailedError
	at junit.framework.Assert.fail(Assert.java:47)
	at junit.framework.Assert.assertTrue(Assert.java:20)
	at junit.framework.Assert.assertTrue(Assert.java:27)
	at steps.M_Mobile_AtenderStep.Run(M_Mobile_AtenderStep.java:74)
	at suiteTest.Regresion_Web.M_Mobile_Atender_01(Regresion_Web.java:31)
	at sun.reflect.NativeMethodAccessorImpl.invoke0(Native Method)
	at sun.reflect.NativeMethodAccessorImpl.invoke(Unknown Source)
	at sun.reflect.DelegatingMethodAccessorImpl.invoke(Unknown Source)
	at java.lang.reflect.Method.invoke(Unknown Source)
	at org.testng.internal.MethodInvocationHelper.invokeMethod(MethodInvocationHelper.java:108)
	at org.testng.internal.Invoker.invokeMethod(Invoker.java:661)
	at org.testng.internal.Invoker.invokeTestMethod(Invoker.java:869)
	at org.testng.internal.Invoker.invokeTestMethods(Invoker.java:1193)
	at org.testng.internal.TestMethodWorker.invokeTestMethods(TestMethodWorker.java:126)
	at org.testng.internal.TestMethodWorker.run(TestMethodWorker.java:109)
	at org.testng.TestRunner.privateRun(TestRunner.java:744)
	at org.testng.TestRunner.run(TestRunner.java:602)
	at org.testng.SuiteRunner.runTest(SuiteRunner.java:380)
	at org.testng.SuiteRunner.access$000(SuiteRunner.java:39)
	at org.testng.SuiteRunner$SuiteWorker.run(SuiteRunner.java:414)
	at org.testng.internal.thread.ThreadUtil$1.call(ThreadUtil.java:52)
	at java.util.concurrent.FutureTask.run(Unknown Source)
	at java.util.concurrent.ThreadPoolExecutor.runWorker(Unknown Source)
	at java.util.concurrent.ThreadPoolExecutor$Worker.run(Unknown Source)
	at java.lang.Thread.run(Unknown Source)
]]>
            </full-stacktrace>
          </exception> <!-- junit.framework.AssertionFailedError -->
          <reporter-output>
          </reporter-output>
        </test-method> <!-- M_Mobile_Atender_01 -->
        <test-method status="PASS" signature="stepFail(org.testng.ITestResult)[pri:0, instance:suiteTest.Regresion_Web@27c20538]" name="stepFail" is-config="true" duration-ms="739" started-at="2019-07-15T15:06:56Z" finished-at="2019-07-15T15:06:56Z">
          <params>
            <param index="0">
              <value>
                <![CDATA[[TestResult name=M_Mobile_Atender_01 status=FAILURE method=Regresion_Web.M_Mobile_Atender_01(java.lang.reflect.Method)[pri:0, instance:suiteTest.Regresion_Web@27c20538] output={null}]]]>
              </value>
            </param>
          </params>
          <reporter-output>
          </reporter-output>
        </test-method> <!-- stepFail -->
        <test-method status="PASS" signature="tearDown()[pri:0, instance:suiteTest.Regresion_Web@27c20538]" name="tearDown" is-config="true" duration-ms="822" started-at="2019-07-15T15:06:56Z" finished-at="2019-07-15T15:06:57Z">
          <reporter-output>
          </reporter-output>
        </test-method> <!-- tearDown -->
        <test-method status="PASS" signature="tearDownClass()[pri:0, instance:suiteTest.Regresion_Web@27c20538]" name="tearDownClass" is-config="true" duration-ms="6582" started-at="2019-07-15T15:06:57Z" finished-at="2019-07-15T15:07:04Z">
          <reporter-output>
          </reporter-output>
        </test-method> <!-- tearDownClass -->
      </class> <!-- suiteTest.Regresion_Web -->
    </test> <!-- Realizar VC - Web -->
  </suite> <!-- Suite Mobile Android -->
</testng-results>
