<?xml version="1.0" encoding="UTF-8"?>
<testng-results skipped="0" failed="1" ignored="0" total="4" passed="3">
  <reporter-output>
  </reporter-output>
  <suite name="Suite Mobile Android" duration-ms="153158" started-at="2019-10-08T14:45:52Z" finished-at="2019-10-08T14:48:25Z">
    <groups>
    </groups>
    <test name="Realizar VC - Mobile" duration-ms="138923" started-at="2019-10-08T14:45:52Z" finished-at="2019-10-08T14:48:11Z">
      <class name="suiteTest.Regresion_Socio_SMS">
        <test-method status="PASS" signature="setUpClass()[pri:0, instance:suiteTest.Regresion_Socio_SMS@639c2c1d]" name="setUpClass" is-config="true" duration-ms="20208" started-at="2019-10-08T11:45:52Z" finished-at="2019-10-08T11:46:12Z">
          <reporter-output>
          </reporter-output>
        </test-method> <!-- setUpClass -->
        <test-method status="PASS" signature="setUp(java.lang.reflect.Method)[pri:0, instance:suiteTest.Regresion_Socio_SMS@639c2c1d]" name="setUp" is-config="true" duration-ms="45" started-at="2019-10-08T11:46:12Z" finished-at="2019-10-08T11:46:12Z">
          <params>
            <param index="0">
              <value>
                <![CDATA[public void suiteTest.Regresion_Socio_SMS.S_RealizarVC_01(java.lang.reflect.Method)]]>
              </value>
            </param>
          </params>
          <reporter-output>
          </reporter-output>
        </test-method> <!-- setUp -->
        <test-method status="FAIL" signature="S_RealizarVC_01(java.lang.reflect.Method)[pri:0, instance:suiteTest.Regresion_Socio_SMS@639c2c1d]" name="S_RealizarVC_01" duration-ms="111124" started-at="2019-10-08T11:46:12Z" finished-at="2019-10-08T11:48:04Z">
          <params>
            <param index="0">
              <value>
                <![CDATA[public void suiteTest.Regresion_Socio_SMS.S_RealizarVC_01(java.lang.reflect.Method)]]>
              </value>
            </param>
          </params>
          <exception class="java.lang.AssertionError">
            <message>
              <![CDATA[Fallo test - S_RealizarVC_01 - Step: 09_Pantalla Agradecimiento - Visualizar]]>
            </message>
            <full-stacktrace>
              <![CDATA[java.lang.AssertionError: Fallo test - S_RealizarVC_01 - Step: 09_Pantalla Agradecimiento - Visualizar
	at org.testng.Assert.fail(Assert.java:93)
	at steps.S_RealizarVC_NotificacionSMS_Step.Run(S_RealizarVC_NotificacionSMS_Step.java:87)
	at suiteTest.Regresion_Socio_SMS.S_RealizarVC_01(Regresion_Socio_SMS.java:16)
	at sun.reflect.NativeMethodAccessorImpl.invoke0(Native Method)
	at sun.reflect.NativeMethodAccessorImpl.invoke(Unknown Source)
	at sun.reflect.DelegatingMethodAccessorImpl.invoke(Unknown Source)
	at java.lang.reflect.Method.invoke(Unknown Source)
	at org.testng.internal.MethodInvocationHelper.invokeMethod(MethodInvocationHelper.java:108)
	at org.testng.internal.Invoker.invokeMethod(Invoker.java:661)
	at org.testng.internal.Invoker.invokeTestMethod(Invoker.java:869)
	at org.testng.internal.Invoker.invokeTestMethods(Invoker.java:1193)
	at org.testng.internal.TestMethodWorker.invokeTestMethods(TestMethodWorker.java:126)
	at org.testng.internal.TestMethodWorker.run(TestMethodWorker.java:109)
	at org.testng.TestRunner.privateRun(TestRunner.java:744)
	at org.testng.TestRunner.run(TestRunner.java:602)
	at org.testng.SuiteRunner.runTest(SuiteRunner.java:380)
	at org.testng.SuiteRunner.access$000(SuiteRunner.java:39)
	at org.testng.SuiteRunner$SuiteWorker.run(SuiteRunner.java:414)
	at org.testng.internal.thread.ThreadUtil$1.call(ThreadUtil.java:52)
	at java.util.concurrent.FutureTask.run(Unknown Source)
	at java.util.concurrent.ThreadPoolExecutor.runWorker(Unknown Source)
	at java.util.concurrent.ThreadPoolExecutor$Worker.run(Unknown Source)
	at java.lang.Thread.run(Unknown Source)
]]>
            </full-stacktrace>
          </exception> <!-- java.lang.AssertionError -->
          <reporter-output>
          </reporter-output>
        </test-method> <!-- S_RealizarVC_01 -->
        <test-method status="PASS" signature="stepFail(org.testng.ITestResult)[pri:0, instance:suiteTest.Regresion_Socio_SMS@639c2c1d]" name="stepFail" is-config="true" duration-ms="433" started-at="2019-10-08T11:48:04Z" finished-at="2019-10-08T11:48:04Z">
          <params>
            <param index="0">
              <value>
                <![CDATA[[TestResult name=S_RealizarVC_01 status=FAILURE method=Regresion_Socio_SMS.S_RealizarVC_01(java.lang.reflect.Method)[pri:0, instance:suiteTest.Regresion_Socio_SMS@639c2c1d] output={null}]]]>
              </value>
            </param>
          </params>
          <reporter-output>
          </reporter-output>
        </test-method> <!-- stepFail -->
        <test-method status="PASS" signature="tearDown(java.lang.reflect.Method)[pri:0, instance:suiteTest.Regresion_Socio_SMS@639c2c1d]" name="tearDown" is-config="true" duration-ms="26" started-at="2019-10-08T11:48:04Z" finished-at="2019-10-08T11:48:04Z">
          <params>
            <param index="0">
              <value>
                <![CDATA[public void suiteTest.Regresion_Socio_SMS.S_RealizarVC_01(java.lang.reflect.Method)]]>
              </value>
            </param>
          </params>
          <reporter-output>
          </reporter-output>
        </test-method> <!-- tearDown -->
        <test-method status="PASS" signature="tearDownClass()[pri:0, instance:suiteTest.Regresion_Socio_SMS@639c2c1d]" name="tearDownClass" is-config="true" duration-ms="7077" started-at="2019-10-08T11:48:04Z" finished-at="2019-10-08T11:48:11Z">
          <reporter-output>
          </reporter-output>
        </test-method> <!-- tearDownClass -->
      </class> <!-- suiteTest.Regresion_Socio_SMS -->
    </test> <!-- Realizar VC - Mobile -->
    <test name="Realizar VC - Web" duration-ms="153158" started-at="2019-10-08T14:45:52Z" finished-at="2019-10-08T14:48:25Z">
      <class name="suiteTest.Regresion_Web_SMS">
        <test-method status="PASS" signature="setUpClass()[pri:0, instance:suiteTest.Regresion_Web_SMS@47af7f3d]" name="setUpClass" is-config="true" duration-ms="3262" started-at="2019-10-08T11:45:52Z" finished-at="2019-10-08T11:45:55Z">
          <reporter-output>
          </reporter-output>
        </test-method> <!-- setUpClass -->
        <test-method status="PASS" signature="setUp(java.lang.reflect.Method)[pri:0, instance:suiteTest.Regresion_Web_SMS@47af7f3d]" name="setUp" is-config="true" duration-ms="120" started-at="2019-10-08T11:45:55Z" finished-at="2019-10-08T11:45:56Z">
          <params>
            <param index="0">
              <value>
                <![CDATA[public void suiteTest.Regresion_Web_SMS.M_Ingresar_01(java.lang.reflect.Method)]]>
              </value>
            </param>
          </params>
          <reporter-output>
          </reporter-output>
        </test-method> <!-- setUp -->
        <test-method status="PASS" signature="M_Ingresar_01(java.lang.reflect.Method)[pri:0, instance:suiteTest.Regresion_Web_SMS@47af7f3d]" name="M_Ingresar_01" duration-ms="12757" started-at="2019-10-08T11:45:56Z" finished-at="2019-10-08T11:46:08Z">
          <params>
            <param index="0">
              <value>
                <![CDATA[public void suiteTest.Regresion_Web_SMS.M_Ingresar_01(java.lang.reflect.Method)]]>
              </value>
            </param>
          </params>
          <reporter-output>
          </reporter-output>
        </test-method> <!-- M_Ingresar_01 -->
        <test-method status="PASS" signature="tearDown()[pri:0, instance:suiteTest.Regresion_Web_SMS@47af7f3d]" name="tearDown" is-config="true" duration-ms="165" started-at="2019-10-08T11:46:08Z" finished-at="2019-10-08T11:46:09Z">
          <reporter-output>
          </reporter-output>
        </test-method> <!-- tearDown -->
        <test-method status="PASS" signature="stepFail(org.testng.ITestResult)[pri:0, instance:suiteTest.Regresion_Web_SMS@47af7f3d]" name="stepFail" is-config="true" duration-ms="0" started-at="2019-10-08T11:46:08Z" finished-at="2019-10-08T11:46:08Z">
          <params>
            <param index="0">
              <value>
                <![CDATA[[TestResult name=M_Ingresar_01 status=SUCCESS method=Regresion_Web_SMS.M_Ingresar_01(java.lang.reflect.Method)[pri:0, instance:suiteTest.Regresion_Web_SMS@47af7f3d] output={null}]]]>
              </value>
            </param>
          </params>
          <reporter-output>
          </reporter-output>
        </test-method> <!-- stepFail -->
        <test-method status="PASS" signature="setUp(java.lang.reflect.Method)[pri:0, instance:suiteTest.Regresion_Web_SMS@47af7f3d]" name="setUp" is-config="true" duration-ms="69" started-at="2019-10-08T11:46:09Z" finished-at="2019-10-08T11:46:09Z">
          <params>
            <param index="0">
              <value>
                <![CDATA[public void suiteTest.Regresion_Web_SMS.D_Mobile_EnvioInvitacion_01(java.lang.reflect.Method)]]>
              </value>
            </param>
          </params>
          <reporter-output>
          </reporter-output>
        </test-method> <!-- setUp -->
        <test-method status="PASS" signature="D_Mobile_EnvioInvitacion_01(java.lang.reflect.Method)[pri:0, instance:suiteTest.Regresion_Web_SMS@47af7f3d]" name="D_Mobile_EnvioInvitacion_01" duration-ms="13743" started-at="2019-10-08T11:46:09Z" depends-on-methods="suiteTest.Regresion_Web_SMS.M_Ingresar_01" finished-at="2019-10-08T11:46:22Z">
          <params>
            <param index="0">
              <value>
                <![CDATA[public void suiteTest.Regresion_Web_SMS.D_Mobile_EnvioInvitacion_01(java.lang.reflect.Method)]]>
              </value>
            </param>
          </params>
          <reporter-output>
          </reporter-output>
        </test-method> <!-- D_Mobile_EnvioInvitacion_01 -->
        <test-method status="PASS" signature="tearDown()[pri:0, instance:suiteTest.Regresion_Web_SMS@47af7f3d]" name="tearDown" is-config="true" duration-ms="136" started-at="2019-10-08T11:46:22Z" finished-at="2019-10-08T11:46:22Z">
          <reporter-output>
          </reporter-output>
        </test-method> <!-- tearDown -->
        <test-method status="PASS" signature="stepFail(org.testng.ITestResult)[pri:0, instance:suiteTest.Regresion_Web_SMS@47af7f3d]" name="stepFail" is-config="true" duration-ms="0" started-at="2019-10-08T11:46:22Z" finished-at="2019-10-08T11:46:22Z">
          <params>
            <param index="0">
              <value>
                <![CDATA[[TestResult name=D_Mobile_EnvioInvitacion_01 status=SUCCESS method=Regresion_Web_SMS.D_Mobile_EnvioInvitacion_01(java.lang.reflect.Method)[pri:0, instance:suiteTest.Regresion_Web_SMS@47af7f3d] output={null}]]]>
              </value>
            </param>
          </params>
          <reporter-output>
          </reporter-output>
        </test-method> <!-- stepFail -->
        <test-method status="PASS" signature="setUp(java.lang.reflect.Method)[pri:0, instance:suiteTest.Regresion_Web_SMS@47af7f3d]" name="setUp" is-config="true" duration-ms="88" started-at="2019-10-08T11:46:22Z" finished-at="2019-10-08T11:46:23Z">
          <params>
            <param index="0">
              <value>
                <![CDATA[public void suiteTest.Regresion_Web_SMS.M_Mobile_Atender_01(java.lang.reflect.Method)]]>
              </value>
            </param>
          </params>
          <reporter-output>
          </reporter-output>
        </test-method> <!-- setUp -->
        <test-method status="PASS" signature="M_Mobile_Atender_01(java.lang.reflect.Method)[pri:0, instance:suiteTest.Regresion_Web_SMS@47af7f3d]" name="M_Mobile_Atender_01" duration-ms="116831" started-at="2019-10-08T11:46:23Z" depends-on-methods="suiteTest.Regresion_Web_SMS.D_Mobile_EnvioInvitacion_01" finished-at="2019-10-08T11:48:19Z">
          <params>
            <param index="0">
              <value>
                <![CDATA[public void suiteTest.Regresion_Web_SMS.M_Mobile_Atender_01(java.lang.reflect.Method)]]>
              </value>
            </param>
          </params>
          <reporter-output>
          </reporter-output>
        </test-method> <!-- M_Mobile_Atender_01 -->
        <test-method status="PASS" signature="stepFail(org.testng.ITestResult)[pri:0, instance:suiteTest.Regresion_Web_SMS@47af7f3d]" name="stepFail" is-config="true" duration-ms="1" started-at="2019-10-08T11:48:19Z" finished-at="2019-10-08T11:48:19Z">
          <params>
            <param index="0">
              <value>
                <![CDATA[[TestResult name=M_Mobile_Atender_01 status=SUCCESS method=Regresion_Web_SMS.M_Mobile_Atender_01(java.lang.reflect.Method)[pri:0, instance:suiteTest.Regresion_Web_SMS@47af7f3d] output={null}]]]>
              </value>
            </param>
          </params>
          <reporter-output>
          </reporter-output>
        </test-method> <!-- stepFail -->
        <test-method status="PASS" signature="tearDown()[pri:0, instance:suiteTest.Regresion_Web_SMS@47af7f3d]" name="tearDown" is-config="true" duration-ms="121" started-at="2019-10-08T11:48:19Z" finished-at="2019-10-08T11:48:20Z">
          <reporter-output>
          </reporter-output>
        </test-method> <!-- tearDown -->
        <test-method status="PASS" signature="tearDownClass()[pri:0, instance:suiteTest.Regresion_Web_SMS@47af7f3d]" name="tearDownClass" is-config="true" duration-ms="5825" started-at="2019-10-08T11:48:20Z" finished-at="2019-10-08T11:48:25Z">
          <reporter-output>
          </reporter-output>
        </test-method> <!-- tearDownClass -->
      </class> <!-- suiteTest.Regresion_Web_SMS -->
    </test> <!-- Realizar VC - Web -->
  </suite> <!-- Suite Mobile Android -->
</testng-results>
