<?xml version="1.0" encoding="UTF-8"?>
<testng-results skipped="0" failed="0" ignored="0" total="1" passed="1">
  <reporter-output>
  </reporter-output>
  <suite name="Default suite" duration-ms="152819" started-at="2019-04-10T09:28:17Z" finished-at="2019-04-10T09:30:50Z">
    <groups>
    </groups>
    <test name="Default test" duration-ms="152819" started-at="2019-04-10T09:28:17Z" finished-at="2019-04-10T09:30:50Z">
      <class name="suiteTest.Regression">
        <test-method status="PASS" signature="setUpClass()[pri:0, instance:suiteTest.Regression@3abbfa04]" name="setUpClass" is-config="true" duration-ms="411" started-at="2019-04-10T06:28:17Z" finished-at="2019-04-10T06:28:17Z">
          <reporter-output>
          </reporter-output>
        </test-method> <!-- setUpClass -->
        <test-method status="PASS" signature="setUp(java.lang.reflect.Method)[pri:0, instance:suiteTest.Regression@3abbfa04]" name="setUp" is-config="true" duration-ms="4566" started-at="2019-04-10T06:28:17Z" finished-at="2019-04-10T06:28:22Z">
          <params>
            <param index="0">
              <value>
                <![CDATA[public void suiteTest.Regression.generateInvitation(java.lang.reflect.Method)]]>
              </value>
            </param>
          </params>
          <reporter-output>
          </reporter-output>
        </test-method> <!-- setUp -->
        <test-method status="PASS" signature="generateInvitation(java.lang.reflect.Method)[pri:0, instance:suiteTest.Regression@3abbfa04]" name="generateInvitation" duration-ms="142571" started-at="2019-04-10T06:28:22Z" finished-at="2019-04-10T06:30:45Z">
          <params>
            <param index="0">
              <value>
                <![CDATA[public void suiteTest.Regression.generateInvitation(java.lang.reflect.Method)]]>
              </value>
            </param>
          </params>
          <reporter-output>
          </reporter-output>
        </test-method> <!-- generateInvitation -->
        <test-method status="PASS" signature="tearDown()[pri:0, instance:suiteTest.Regression@3abbfa04]" name="tearDown" is-config="true" duration-ms="146" started-at="2019-04-10T06:30:45Z" finished-at="2019-04-10T06:30:45Z">
          <reporter-output>
          </reporter-output>
        </test-method> <!-- tearDown -->
        <test-method status="PASS" signature="tearDownClass()[pri:0, instance:suiteTest.Regression@3abbfa04]" name="tearDownClass" is-config="true" duration-ms="5089" started-at="2019-04-10T06:30:45Z" finished-at="2019-04-10T06:30:50Z">
          <reporter-output>
          </reporter-output>
        </test-method> <!-- tearDownClass -->
      </class> <!-- suiteTest.Regression -->
    </test> <!-- Default test -->
  </suite> <!-- Default suite -->
</testng-results>
