<?xml version="1.0" encoding="UTF-8"?>
<!-- Generated by org.testng.reporters.JUnitXMLReporter -->
<testsuite hostname="SMSL044" ignored="0" name="Realizar VC - Mobile" tests="1" failures="0" timestamp="12 jul 2019 20:09:24 GMT" time="124.926" errors="0">
  <testcase name="@AfterTest tearDownClass" time="2.006" classname="components.HookMobile">
    <failure type="java.lang.RuntimeException" message="java.lang.NullPointerException">
      <![CDATA[java.lang.RuntimeException: java.lang.NullPointerException
	at delivery.EmailSenderMobile.sendEmail(EmailSenderMobile.java:116)
	at delivery.EmailSenderMobile.exitDelivery(EmailSenderMobile.java:50)
	at initializer.InitilizeHookMobile.CloseDelivery(InitilizeHookMobile.java:90)
	at components.HookMobile.tearDownClass(HookMobile.java:62)
	at java.util.concurrent.FutureTask.run(FutureTask.java:266)
	at java.util.concurrent.ThreadPoolExecutor.runWorker(ThreadPoolExecutor.java:1149)
	at java.util.concurrent.ThreadPoolExecutor$Worker.run(ThreadPoolExecutor.java:624)
	at java.lang.Thread.run(Thread.java:748)
Caused by: java.lang.NullPointerException
	at delivery.EmailSenderMobile.subjectBuilderMail(EmailSenderMobile.java:122)
	at delivery.EmailSenderMobile.sendEmail(EmailSenderMobile.java:82)
	... 21 more
... Removed 14 stack frames]]>
    </failure>
  </testcase> <!-- @AfterTest tearDownClass -->
  <testcase name="S_Home_02" time="93.529" classname="suiteTest.Regresion_RealizarVC"/>
</testsuite> <!-- Realizar VC - Mobile -->
