<?xml version="1.0" encoding="UTF-8"?>
<!-- Generated by org.testng.reporters.JUnitXMLReporter -->
<testsuite hostname="NOELIA-PC" ignored="0" name="Realizar VC - Web" tests="3" failures="1" timestamp="15 jul 2019 18:07:04 GMT" time="418.893" errors="0">
  <testcase name="M_Ingresar_01" time="32.118" classname="suiteTest.Regresion_Web"/>
  <testcase name="D_Mobile_EnvioInvitacion_01" time="24.728" classname="suiteTest.Regresion_Web"/>
  <testcase name="M_Mobile_Atender_01" time="346.046" classname="suiteTest.Regresion_Web">
    <failure type="junit.framework.AssertionFailedError">
      <![CDATA[junit.framework.AssertionFailedError
	at junit.framework.Assert.fail(Assert.java:47)
	at junit.framework.Assert.assertTrue(Assert.java:20)
	at junit.framework.Assert.assertTrue(Assert.java:27)
	at steps.M_Mobile_AtenderStep.Run(M_Mobile_AtenderStep.java:74)
	at suiteTest.Regresion_Web.M_Mobile_Atender_01(Regresion_Web.java:31)
	at java.util.concurrent.FutureTask.run(Unknown Source)
	at java.util.concurrent.ThreadPoolExecutor.runWorker(Unknown Source)
	at java.util.concurrent.ThreadPoolExecutor$Worker.run(Unknown Source)
	at java.lang.Thread.run(Unknown Source)
... Removed 16 stack frames]]>
    </failure>
  </testcase> <!-- M_Mobile_Atender_01 -->
</testsuite> <!-- Realizar VC - Web -->
