<?xml version="1.0" encoding="UTF-8"?>
<!-- Generated by org.testng.reporters.JUnitXMLReporter -->
<testsuite hostname="SMSL044" ignored="0" name="Realizar VC - Web" tests="3" failures="0" timestamp="18 jul 2019 19:18:48 GMT" time="275.944" errors="0">
  <testcase name="M_Ingresar_01" time="50.743" classname="suiteTest.Regresion_Web"/>
  <testcase name="D_Mobile_EnvioInvitacion_01" time="73.612" classname="suiteTest.Regresion_Web"/>
  <testcase name="M_Mobile_Atender_01" time="114.056" classname="suiteTest.Regresion_Web"/>
</testsuite> <!-- Realizar VC - Web -->
